Start.
Preparing the dataset...
'resized_images' already contains images. Skipping resizing.
Size of original train dataset: 3840
Size of original validation dataset: 1280
Size of original test dataset: 1280

=========================

Testing with A=0, B=0, C=0, D=0
Using existing augmented data in augmented_images_A0_B0_C0_D0
Total number of images (original + augmented): 6400
Loading augmented images...
Size of combined train dataset (after augmentation): 3840
Creating data loaders...
Loading pre-trained ResNet18 model...
Starting training with A=0, B=0, C=0, D=0...
Epoch 1/10 - Train Batch 50/120
Epoch 1/10 - Train Batch 100/120
Epoch 1/10 - Val Batch 40/40
Epoch 1/10, Train Loss: 0.4283778393020233, Val Loss: 0.198281776253134
Epoch 2/10 - Train Batch 50/120
Epoch 2/10 - Train Batch 100/120
Epoch 2/10 - Val Batch 40/40
Epoch 2/10, Train Loss: 0.19486320949702834, Val Loss: 0.2048585183918476
Epoch 3/10 - Train Batch 50/120
Epoch 3/10 - Train Batch 100/120
Epoch 3/10 - Val Batch 40/40
Epoch 3/10, Train Loss: 0.17567320379118126, Val Loss: 0.20829920768737792
Epoch 4/10 - Train Batch 50/120
Epoch 4/10 - Train Batch 100/120
Epoch 4/10 - Val Batch 40/40
Epoch 4/10, Train Loss: 0.17582899907623262, Val Loss: 0.24608377665281295
Epoch 5/10 - Train Batch 50/120
Epoch 5/10 - Train Batch 100/120
Epoch 5/10 - Val Batch 40/40
Epoch 5/10, Train Loss: 0.17659418315937123, Val Loss: 0.3282824318856001
Epoch 6/10 - Train Batch 50/120
Epoch 6/10 - Train Batch 100/120
Epoch 6/10 - Val Batch 40/40
Epoch 6/10, Train Loss: 0.16739883925765753, Val Loss: 0.23721333257853985
Epoch 7/10 - Train Batch 50/120
Epoch 7/10 - Train Batch 100/120
Epoch 7/10 - Val Batch 40/40
Epoch 7/10, Train Loss: 0.15858193915482843, Val Loss: 0.24082489227876067
Epoch 8/10 - Train Batch 50/120
Epoch 8/10 - Train Batch 100/120
Epoch 8/10 - Val Batch 40/40
Epoch 8/10, Train Loss: 0.15933968527242542, Val Loss: 0.26533858431503177
Epoch 9/10 - Train Batch 50/120
Epoch 9/10 - Train Batch 100/120
Epoch 9/10 - Val Batch 40/40
Epoch 9/10, Train Loss: 0.1554658298070232, Val Loss: 0.24335631262511015
Epoch 10/10 - Train Batch 50/120
Epoch 10/10 - Train Batch 100/120
Epoch 10/10 - Val Batch 40/40
Epoch 10/10, Train Loss: 0.18872740495329102, Val Loss: 0.7286198876798153
Training completed.
Test Accuracy with A=0, B=0, C=0, D=0: 76.5625%
Loss data for A0_B0_C0_D0 saved to 'loss_data_A0_B0_C0_D0_10_epochs.csv'
Model for A=0, B=0, C=0, D=0 saved to 'saved_models/model_A0_B0_C0_D0_10_epochs.pth'

=========================

Testing with A=4, B=70, C=2, D=3
Using existing augmented data in augmented_images_A4_B70_C2_D3
Total number of images (original + augmented): 27584
Loading augmented images...
Size of combined train dataset (after augmentation): 16949
Creating data loaders...
Loading pre-trained ResNet18 model...
Starting training with A=4, B=70, C=2, D=3...
Epoch 1/10 - Train Batch 50/530
Epoch 1/10 - Train Batch 100/530
Epoch 1/10 - Train Batch 150/530
Epoch 1/10 - Train Batch 200/530
Epoch 1/10 - Train Batch 250/530
Epoch 1/10 - Train Batch 300/530
Epoch 1/10 - Train Batch 350/530
Epoch 1/10 - Train Batch 400/530
Epoch 1/10 - Train Batch 450/530
Epoch 1/10 - Train Batch 500/530
Epoch 1/10 - Val Batch 40/40
Epoch 1/10, Train Loss: 0.3011415315405378, Val Loss: 0.22759991767816246
Epoch 2/10 - Train Batch 50/530
Epoch 2/10 - Train Batch 100/530
Epoch 2/10 - Train Batch 150/530
Epoch 2/10 - Train Batch 200/530
Epoch 2/10 - Train Batch 250/530
Epoch 2/10 - Train Batch 300/530
Epoch 2/10 - Train Batch 350/530
Epoch 2/10 - Train Batch 400/530
Epoch 2/10 - Train Batch 450/530
Epoch 2/10 - Train Batch 500/530
Epoch 2/10 - Val Batch 40/40
Epoch 2/10, Train Loss: 0.21024865236765933, Val Loss: 0.2637291545048356
Epoch 3/10 - Train Batch 50/530
Epoch 3/10 - Train Batch 100/530
Epoch 3/10 - Train Batch 150/530
Epoch 3/10 - Train Batch 200/530
Epoch 3/10 - Train Batch 250/530
Epoch 3/10 - Train Batch 300/530
Epoch 3/10 - Train Batch 350/530
Epoch 3/10 - Train Batch 400/530
Epoch 3/10 - Train Batch 450/530
Epoch 3/10 - Train Batch 500/530
Epoch 3/10 - Val Batch 40/40
Epoch 3/10, Train Loss: 0.1735818002636562, Val Loss: 0.2087378536351025
Epoch 4/10 - Train Batch 50/530
Epoch 4/10 - Train Batch 100/530
Epoch 4/10 - Train Batch 150/530
Epoch 4/10 - Train Batch 200/530
Epoch 4/10 - Train Batch 250/530
Epoch 4/10 - Train Batch 300/530
Epoch 4/10 - Train Batch 350/530
Epoch 4/10 - Train Batch 400/530
Epoch 4/10 - Train Batch 450/530
Epoch 4/10 - Train Batch 500/530
Epoch 4/10 - Val Batch 40/40
Epoch 4/10, Train Loss: 0.16421777980823843, Val Loss: 0.33813926167786124
Epoch 5/10 - Train Batch 50/530
Epoch 5/10 - Train Batch 100/530
Epoch 5/10 - Train Batch 150/530
Epoch 5/10 - Train Batch 200/530
Epoch 5/10 - Train Batch 250/530
Epoch 5/10 - Train Batch 300/530
Epoch 5/10 - Train Batch 350/530
Epoch 5/10 - Train Batch 400/530
Epoch 5/10 - Train Batch 450/530
Epoch 5/10 - Train Batch 500/530
Epoch 5/10 - Val Batch 40/40
Epoch 5/10, Train Loss: 0.15758260151476794, Val Loss: 0.25253679635934534
Epoch 6/10 - Train Batch 50/530
Epoch 6/10 - Train Batch 100/530
Epoch 6/10 - Train Batch 150/530
Epoch 6/10 - Train Batch 200/530
Epoch 6/10 - Train Batch 250/530
Epoch 6/10 - Train Batch 300/530
Epoch 6/10 - Train Batch 350/530
Epoch 6/10 - Train Batch 400/530
Epoch 6/10 - Train Batch 450/530
Epoch 6/10 - Train Batch 500/530
Epoch 6/10 - Val Batch 40/40
Epoch 6/10, Train Loss: 0.12642651486149023, Val Loss: 0.32078319136053324
Epoch 7/10 - Train Batch 50/530
Epoch 7/10 - Train Batch 100/530
Epoch 7/10 - Train Batch 150/530
Epoch 7/10 - Train Batch 200/530
Epoch 7/10 - Train Batch 250/530
Epoch 7/10 - Train Batch 300/530
Epoch 7/10 - Train Batch 350/530
Epoch 7/10 - Train Batch 400/530
Epoch 7/10 - Train Batch 450/530
Epoch 7/10 - Train Batch 500/530
Epoch 7/10 - Val Batch 40/40
Epoch 7/10, Train Loss: 0.1189647947978404, Val Loss: 0.2725348975509405
Epoch 8/10 - Train Batch 50/530
Epoch 8/10 - Train Batch 100/530
Epoch 8/10 - Train Batch 150/530
Epoch 8/10 - Train Batch 200/530
Epoch 8/10 - Train Batch 250/530
Epoch 8/10 - Train Batch 300/530
Epoch 8/10 - Train Batch 350/530
Epoch 8/10 - Train Batch 400/530
Epoch 8/10 - Train Batch 450/530
Epoch 8/10 - Train Batch 500/530
Epoch 8/10 - Val Batch 40/40
Epoch 8/10, Train Loss: 0.11004819224790652, Val Loss: 0.2998924532905221
Epoch 9/10 - Train Batch 50/530
Epoch 9/10 - Train Batch 100/530
Epoch 9/10 - Train Batch 150/530
Epoch 9/10 - Train Batch 200/530
Epoch 9/10 - Train Batch 250/530
Epoch 9/10 - Train Batch 300/530
Epoch 9/10 - Train Batch 350/530
Epoch 9/10 - Train Batch 400/530
Epoch 9/10 - Train Batch 450/530
Epoch 9/10 - Train Batch 500/530
Epoch 9/10 - Val Batch 40/40
Epoch 9/10, Train Loss: 0.09792177771604708, Val Loss: 0.31012039110064504
Epoch 10/10 - Train Batch 50/530
Epoch 10/10 - Train Batch 100/530
Epoch 10/10 - Train Batch 150/530
Epoch 10/10 - Train Batch 200/530
Epoch 10/10 - Train Batch 250/530
Epoch 10/10 - Train Batch 300/530
Epoch 10/10 - Train Batch 350/530
Epoch 10/10 - Train Batch 400/530
Epoch 10/10 - Train Batch 450/530
Epoch 10/10 - Train Batch 500/530
Epoch 10/10 - Val Batch 40/40
Epoch 10/10, Train Loss: 0.0879360462180866, Val Loss: 0.2949764121323824
Training completed.
Test Accuracy with A=4, B=70, C=2, D=3: 86.328125%
Loss data for A4_B70_C2_D3 saved to 'loss_data_A4_B70_C2_D3_10_epochs.csv'
Model for A=4, B=70, C=2, D=3 saved to 'saved_models/model_A4_B70_C2_D3_10_epochs.pth'
Loss data for all the models saved to 'loss_data_all_10_epochs.csv'
Best Accuracy: 86.328125%
Best Parameters: {'A': 4, 'B': 70, 'C': 2, 'D': 3}
